0 info it worked if it ends with ok
1 verbose cli [ '/usr/bin/node', '/usr/bin/npm', 'start' ]
2 info using npm@3.5.2
3 info using node@v8.10.0
4 verbose run-script [ 'prestart', 'start', 'poststart' ]
5 info lifecycle backend@0.0.0~prestart: backend@0.0.0
6 silly lifecycle backend@0.0.0~prestart: no script for prestart, continuing
7 info lifecycle backend@0.0.0~start: backend@0.0.0
8 verbose lifecycle backend@0.0.0~start: unsafe-perm in lifecycle true
9 verbose lifecycle backend@0.0.0~start: PATH: /usr/share/npm/bin/node-gyp-bin:/home/labber/lighthouse/real-estate-ontario/backend/node_modules/.bin:/home/labber/.local/bin:/home/labber/.rvm/gems/ruby-3.0.0/bin:/home/labber/.rvm/gems/ruby-3.0.0@global/bin:/home/labber/.rvm/rubies/ruby-3.0.0/bin:/usr/local/sbin:/usr/local/bin:/usr/sbin:/usr/bin:/sbin:/bin:/usr/games:/usr/local/games:/usr/lib/wsl/lib:/mnt/c/Python310/Scripts/:/mnt/c/Python310/:/mnt/c/Windows/system32:/mnt/c/Windows:/mnt/c/Windows/System32/Wbem:/mnt/c/Windows/System32/WindowsPowerShell/v1.0/:/mnt/c/Windows/System32/OpenSSH/:/mnt/c/Program Files/Git/cmd:/mnt/c/ProgramData/chocolatey/bin:/mnt/c/Program Files/dotnet/:/mnt/c/Users/tania/AppData/Roaming/nvm:/mnt/c/Program Files/nodejs:/mnt/c/Program Files/nodejs/:/mnt/c/Users/tania/AppData/Local/Microsoft/WindowsApps:/mnt/c/Users/tania/AppData/Local/Programs/Microsoft VS Code/bin:/mnt/c/Users/tania/AppData/Roaming/npm:/snap/bin:/home/labber/.rvm/bin:/home/labber/.rvm/bin:/usr/lib/jvm/java-8-openjdk-amd64/bin:/tools:/platform-tools:/home/labber/.rvm/bin
10 verbose lifecycle backend@0.0.0~start: CWD: /home/labber/lighthouse/real-estate-ontario/backend
11 silly lifecycle backend@0.0.0~start: Args: [ '-c', 'node ./bin/www' ]
12 silly lifecycle backend@0.0.0~start: Returned: code: 1  signal: null
13 info lifecycle backend@0.0.0~start: Failed to exec start script
14 verbose stack Error: backend@0.0.0 start: `node ./bin/www`
14 verbose stack Exit status 1
14 verbose stack     at EventEmitter.<anonymous> (/usr/share/npm/lib/utils/lifecycle.js:232:16)
14 verbose stack     at emitTwo (events.js:126:13)
14 verbose stack     at EventEmitter.emit (events.js:214:7)
14 verbose stack     at ChildProcess.<anonymous> (/usr/share/npm/lib/utils/spawn.js:24:14)
14 verbose stack     at emitTwo (events.js:126:13)
14 verbose stack     at ChildProcess.emit (events.js:214:7)
14 verbose stack     at maybeClose (internal/child_process.js:925:16)
14 verbose stack     at Process.ChildProcess._handle.onexit (internal/child_process.js:209:5)
15 verbose pkgid backend@0.0.0
16 verbose cwd /home/labber/lighthouse/real-estate-ontario/backend
17 error Linux 5.10.16.3-microsoft-standard-WSL2
18 error argv "/usr/bin/node" "/usr/bin/npm" "start"
19 error node v8.10.0
20 error npm  v3.5.2
21 error code ELIFECYCLE
22 error backend@0.0.0 start: `node ./bin/www`
22 error Exit status 1
23 error Failed at the backend@0.0.0 start script 'node ./bin/www'.
23 error Make sure you have the latest version of node.js and npm installed.
23 error If you do, this is most likely a problem with the backend package,
23 error not with npm itself.
23 error Tell the author that this fails on your system:
23 error     node ./bin/www
23 error You can get information on how to open an issue for this project with:
23 error     npm bugs backend
23 error Or if that isn't available, you can get their info via:
23 error     npm owner ls backend
23 error There is likely additional logging output above.
24 verbose exit [ 1, true ]
